<?xml version="1.0" encoding="UTF-8"?>
<!-- Generated by org.testng.reporters.JUnitReportReporter -->
<testsuite skipped="0" hostname="GURU" name="SeleniumProject.Class1Test" tests="2" failures="0" timestamp="23 Jun 2019 17:29:52 GMT" time="0.017" errors="0">
  <testcase name="method1" time="0.016" classname="SeleniumProject.Class1Test"/>
  <testcase name="method2" time="0.001" classname="SeleniumProject.Class1Test"/>
</testsuite> <!-- SeleniumProject.Class1Test -->
