<?xml version="1.0" encoding="UTF-8"?>
<!-- Generated by org.testng.reporters.JUnitReportReporter -->
<testsuite skipped="0" hostname="GURU" name="SeleniumProject.Class2Test" tests="2" failures="0" timestamp="23 Jun 2019 17:29:52 GMT" time="0.003" errors="0">
  <testcase name="method4" time="0.003" classname="SeleniumProject.Class2Test"/>
  <testcase name="method3" time="0.000" classname="SeleniumProject.Class2Test"/>
</testsuite> <!-- SeleniumProject.Class2Test -->
