<?xml version="1.0" encoding="UTF-8"?>
<!-- Generated by org.testng.reporters.JUnitReportReporter -->
<testsuite skipped="0" hostname="GURU" name="SeleniumProject.AppTest" tests="1" failures="0" timestamp="23 Jun 2019 17:29:52 GMT" time="0.014" errors="0">
  <testcase name="testApp" time="0.014" classname="SeleniumProject.AppTest"/>
</testsuite> <!-- SeleniumProject.AppTest -->
