<?xml version="1.0" encoding="UTF-8"?>
<!-- Generated by org.testng.reporters.JUnitReportReporter -->
<testsuite skipped="0" hostname="GURU" name="SeleniumProject.Class1Test" tests="2" failures="0" timestamp="25 Jun 2019 04:41:25 GMT" time="0.000" errors="0">
  <testcase name="method1" time="0.000" classname="SeleniumProject.Class1Test"/>
  <testcase name="method2" time="0.000" classname="SeleniumProject.Class1Test"/>
</testsuite> <!-- SeleniumProject.Class1Test -->
