<?xml version="1.0" encoding="UTF-8"?>
<!-- Generated by org.testng.reporters.JUnitReportReporter -->
<testsuite skipped="0" hostname="GURU" name="SeleniumProject.Class2Test" tests="2" failures="0" timestamp="25 Jun 2019 04:41:25 GMT" time="0.031" errors="0">
  <testcase name="method4" time="0.000" classname="SeleniumProject.Class2Test"/>
  <testcase name="method3" time="0.031" classname="SeleniumProject.Class2Test"/>
</testsuite> <!-- SeleniumProject.Class2Test -->
